<?xml version="1.0" encoding="UTF-8"?>
<testng-results ignored="0" total="1" passed="1" failed="0" skipped="0">
  <reporter-output>
  </reporter-output>
  <suite started-at="2024-02-05T02:25:59Z" name="Default suite" finished-at="2024-02-05T02:26:32Z" duration-ms="33581">
    <groups>
    </groups>
    <test started-at="2024-02-05T02:25:59Z" name="Default test" finished-at="2024-02-05T02:26:32Z" duration-ms="33581">
      <class name="com.SC.QA.NewUserRegistration.TestCases.RegisterNewUserTest">
        <test-method is-config="true" signature="setExtent()[pri:0, instance:com.SC.QA.NewUserRegistration.TestCases.RegisterNewUserTest@5ddcc487]" started-at="2024-02-05T08:25:59Z" name="setExtent" finished-at="2024-02-05T08:25:59Z" duration-ms="232" status="PASS">
          <reporter-output>
          </reporter-output>
        </test-method> <!-- setExtent -->
        <test-method is-config="true" signature="setUp()[pri:0, instance:com.SC.QA.NewUserRegistration.TestCases.RegisterNewUserTest@5ddcc487]" started-at="2024-02-05T08:25:59Z" name="setUp" finished-at="2024-02-05T08:26:02Z" duration-ms="3201" status="PASS">
          <reporter-output>
          </reporter-output>
        </test-method> <!-- setUp -->
        <test-method signature="NewUserRegistartionTest(java.lang.String, java.lang.String, java.lang.String, java.lang.String, java.lang.String, java.lang.String, java.lang.String, java.lang.String, java.lang.String, java.lang.String, java.lang.String, java.lang.String, java.lang.String, java.lang.String, java.lang.String, java.lang.String, java.lang.String, java.lang.String)[pri:1, instance:com.SC.QA.NewUserRegistration.TestCases.RegisterNewUserTest@5ddcc487]" started-at="2024-02-05T08:26:02Z" name="NewUserRegistartionTest" data-provider="RegisterNewUserTestData" finished-at="2024-02-05T08:26:32Z" duration-ms="29891" status="PASS">
          <params>
            <param index="0">
              <value>
                <![CDATA[Kazi Md Shimul Billah]]>
              </value>
            </param>
            <param index="1">
              <value>
                <![CDATA[shimulece07@gmail.com]]>
              </value>
            </param>
            <param index="2">
              <value>
                <![CDATA[Test@1234]]>
              </value>
            </param>
            <param index="3">
              <value>
                <![CDATA[7]]>
              </value>
            </param>
            <param index="4">
              <value>
                <![CDATA[October]]>
              </value>
            </param>
            <param index="5">
              <value>
                <![CDATA[1988]]>
              </value>
            </param>
            <param index="6">
              <value>
                <![CDATA[Shimul]]>
              </value>
            </param>
            <param index="7">
              <value>
                <![CDATA[Billah]]>
              </value>
            </param>
            <param index="8">
              <value>
                <![CDATA[246, Yusuf Meherali Road, Mandvi]]>
              </value>
            </param>
            <param index="9">
              <value>
                <![CDATA[India]]>
              </value>
            </param>
            <param index="10">
              <value>
                <![CDATA[Maharashtra]]>
              </value>
            </param>
            <param index="11">
              <value>
                <![CDATA[Mumbai]]>
              </value>
            </param>
            <param index="12">
              <value>
                <![CDATA[400003]]>
              </value>
            </param>
            <param index="13">
              <value>
                <![CDATA[02293932193]]>
              </value>
            </param>
            <param index="14">
              <value>
                <![CDATA[4012888888881881]]>
              </value>
            </param>
            <param index="15">
              <value>
                <![CDATA[429]]>
              </value>
            </param>
            <param index="16">
              <value>
                <![CDATA[10]]>
              </value>
            </param>
            <param index="17">
              <value>
                <![CDATA[2026]]>
              </value>
            </param>
          </params>
          <reporter-output>
          </reporter-output>
        </test-method> <!-- NewUserRegistartionTest -->
        <test-method is-config="true" signature="tearDown(org.testng.ITestResult)[pri:0, instance:com.SC.QA.NewUserRegistration.TestCases.RegisterNewUserTest@5ddcc487]" started-at="2024-02-05T08:26:32Z" name="tearDown" finished-at="2024-02-05T08:26:32Z" duration-ms="2" status="PASS">
          <params>
            <param index="0">
              <value>
                <![CDATA[[TestResult name=NewUserRegistartionTest status=SUCCESS method=RegisterNewUserTest.NewUserRegistartionTest(java.lang.String, java.lang.String, java.lang.String, java.lang.String, java.lang.String, java.lang.String, java.lang.String, java.lang.String, java.lang.String, java.lang.String, java.lang.String, java.lang.String, java.lang.String, java.lang.String, java.lang.String, java.lang.String, java.lang.String, java.lang.String)[pri:1, instance:com.SC.QA.NewUserRegistration.TestCases.RegisterNewUserTest@5ddcc487] output={null}]]]>
              </value>
            </param>
          </params>
          <reporter-output>
          </reporter-output>
        </test-method> <!-- tearDown -->
        <test-method is-config="true" signature="endReport()[pri:0, instance:com.SC.QA.NewUserRegistration.TestCases.RegisterNewUserTest@5ddcc487]" started-at="2024-02-05T08:26:32Z" name="endReport" finished-at="2024-02-05T08:26:32Z" duration-ms="77" status="PASS">
          <reporter-output>
          </reporter-output>
        </test-method> <!-- endReport -->
      </class> <!-- com.SC.QA.NewUserRegistration.TestCases.RegisterNewUserTest -->
    </test> <!-- Default test -->
  </suite> <!-- Default suite -->
</testng-results>
